<?xml version="1.0" encoding="UTF-8"?>
<testsuite name="com.kodilla.testing.shape.ShapeCollectorTestSuite" tests="3" skipped="0" failures="0" errors="0" timestamp="2018-01-19T23:05:08" hostname="Samsung" time="0.006">
  <properties/>
  <testcase name="testShapeGetter" classname="com.kodilla.testing.shape.ShapeCollectorTestSuite" time="0.004"/>
  <testcase name="testShapeAdder" classname="com.kodilla.testing.shape.ShapeCollectorTestSuite" time="0.0"/>
  <testcase name="testShapeRemoval" classname="com.kodilla.testing.shape.ShapeCollectorTestSuite" time="0.001"/>
  <system-out><![CDATA[]]></system-out>
  <system-err><![CDATA[]]></system-err>
</testsuite>
